<?xml version="1.0" encoding="UTF-8"?>
<!-- Generated by org.testng.reporters.JUnitReportReporter -->
<testsuite skipped="0" hostname="DESKTOP-5BHJEAE" name="mavenpack.LinksTesting1" tests="1" failures="0" timestamp="18 May 2017 03:03:11 GMT" time="12.392" errors="0">
  <testcase name="linktesting1" time="12.392" classname="mavenpack.LinksTesting1"/>
</testsuite> <!-- mavenpack.LinksTesting1 -->
