<?xml version="1.0" encoding="UTF-8"?>
<!-- Generated by org.testng.reporters.JUnitReportReporter -->
<testsuite skipped="0" hostname="DESKTOP-5BHJEAE" name="mavenpack.LinksTesting2" tests="1" failures="0" timestamp="18 May 2017 03:03:11 GMT" time="31.382" errors="0">
  <testcase name="linkTesting2" time="31.382" classname="mavenpack.LinksTesting2"/>
</testsuite> <!-- mavenpack.LinksTesting2 -->
